[0.570s] DEBUG:colcon:Command line arguments: ['/usr/bin/colcon', 'build']
[0.570s] DEBUG:colcon:Parsed command line arguments: Namespace(log_base=None, log_level=None, verb_name='build', build_base='build', install_base='install', merge_install=False, symlink_install=False, test_result_base=None, continue_on_error=False, executor='parallel', parallel_workers=8, event_handlers=None, ignore_user_meta=False, metas=['./colcon.meta'], base_paths=['.'], packages_ignore=None, packages_ignore_regex=None, paths=None, packages_up_to=None, packages_up_to_regex=None, packages_above=None, packages_above_and_dependencies=None, packages_above_depth=None, packages_select_by_dep=None, packages_skip_by_dep=None, packages_skip_up_to=None, packages_select_build_failed=False, packages_skip_build_finished=False, packages_select_test_failures=False, packages_skip_test_passed=False, packages_select=None, packages_skip=None, packages_select_regex=None, packages_skip_regex=None, packages_start=None, packages_end=None, allow_overriding=[], cmake_args=None, cmake_target=None, cmake_target_skip_unavailable=False, cmake_clean_cache=False, cmake_clean_first=False, cmake_force_configure=False, ament_cmake_args=None, catkin_cmake_args=None, catkin_skip_building_tests=False, mixin_files=None, mixin=None, verb_parser=<colcon_mixin.mixin.mixin_argument.MixinArgumentDecorator object at 0xffffb2737040>, verb_extension=<colcon_core.verb.build.BuildVerb object at 0xffffb27368c0>, main=<bound method BuildVerb.main of <colcon_core.verb.build.BuildVerb object at 0xffffb27368c0>>, mixin_verb=('build',))
[1.044s] Level 1:colcon.colcon_core.package_discovery:discover_packages(colcon_meta) check parameters
[1.044s] Level 1:colcon.colcon_core.package_discovery:discover_packages(recursive) check parameters
[1.044s] Level 1:colcon.colcon_core.package_discovery:discover_packages(ignore) check parameters
[1.044s] Level 1:colcon.colcon_core.package_discovery:discover_packages(path) check parameters
[1.044s] Level 1:colcon.colcon_core.package_discovery:discover_packages(colcon_meta) discover
[1.044s] Level 1:colcon.colcon_core.package_discovery:discover_packages(recursive) discover
[1.044s] INFO:colcon.colcon_core.package_discovery:Crawling recursively for packages in '/home/berenakpinar/Downloads/2026Rover_description'
[1.044s] Level 1:colcon.colcon_core.package_identification:_identify(.) by extensions ['ignore', 'ignore_ament_install']
[1.044s] Level 1:colcon.colcon_core.package_identification:_identify(.) by extension 'ignore'
[1.044s] Level 1:colcon.colcon_core.package_identification:_identify(.) by extension 'ignore_ament_install'
[1.044s] Level 1:colcon.colcon_core.package_identification:_identify(.) by extensions ['colcon_pkg']
[1.044s] Level 1:colcon.colcon_core.package_identification:_identify(.) by extension 'colcon_pkg'
[1.044s] Level 1:colcon.colcon_core.package_identification:_identify(.) by extensions ['colcon_meta']
[1.044s] Level 1:colcon.colcon_core.package_identification:_identify(.) by extension 'colcon_meta'
[1.044s] Level 1:colcon.colcon_core.package_identification:_identify(.) by extensions ['ros']
[1.044s] Level 1:colcon.colcon_core.package_identification:_identify(.) by extension 'ros'
[1.074s] DEBUG:colcon.colcon_core.package_identification:Package '.' with type 'ros.ament_cmake' and name 'urdf_description'
[1.074s] Level 1:colcon.colcon_core.package_discovery:discover_packages(recursive) using defaults
[1.074s] Level 1:colcon.colcon_core.package_discovery:discover_packages(ignore) discover
[1.074s] Level 1:colcon.colcon_core.package_discovery:discover_packages(ignore) using defaults
[1.074s] Level 1:colcon.colcon_core.package_discovery:discover_packages(path) discover
[1.074s] Level 1:colcon.colcon_core.package_discovery:discover_packages(path) using defaults
[1.128s] Level 1:colcon.colcon_core.package_discovery:discover_packages(prefix_path) check parameters
[1.128s] Level 1:colcon.colcon_core.package_discovery:discover_packages(prefix_path) discover
[1.131s] DEBUG:colcon.colcon_installed_package_information.package_discovery:Found 1 installed packages in /home/berenakpinar/Downloads/2026Rover_description/install
[1.137s] DEBUG:colcon.colcon_installed_package_information.package_discovery:Found 472 installed packages in /opt/ros/humble
[1.139s] Level 1:colcon.colcon_core.package_discovery:discover_packages(prefix_path) using defaults
[1.376s] Level 5:colcon.colcon_core.verb:set package 'urdf_description' build argument 'cmake_args' from command line to 'None'
[1.376s] Level 5:colcon.colcon_core.verb:set package 'urdf_description' build argument 'cmake_target' from command line to 'None'
[1.376s] Level 5:colcon.colcon_core.verb:set package 'urdf_description' build argument 'cmake_target_skip_unavailable' from command line to 'False'
[1.376s] Level 5:colcon.colcon_core.verb:set package 'urdf_description' build argument 'cmake_clean_cache' from command line to 'False'
[1.376s] Level 5:colcon.colcon_core.verb:set package 'urdf_description' build argument 'cmake_clean_first' from command line to 'False'
[1.376s] Level 5:colcon.colcon_core.verb:set package 'urdf_description' build argument 'cmake_force_configure' from command line to 'False'
[1.376s] Level 5:colcon.colcon_core.verb:set package 'urdf_description' build argument 'ament_cmake_args' from command line to 'None'
[1.376s] Level 5:colcon.colcon_core.verb:set package 'urdf_description' build argument 'catkin_cmake_args' from command line to 'None'
[1.376s] Level 5:colcon.colcon_core.verb:set package 'urdf_description' build argument 'catkin_skip_building_tests' from command line to 'False'
[1.376s] DEBUG:colcon.colcon_core.verb:Building package 'urdf_description' with the following arguments: {'ament_cmake_args': None, 'build_base': '/home/berenakpinar/Downloads/2026Rover_description/build/urdf_description', 'catkin_cmake_args': None, 'catkin_skip_building_tests': False, 'cmake_args': None, 'cmake_clean_cache': False, 'cmake_clean_first': False, 'cmake_force_configure': False, 'cmake_target': None, 'cmake_target_skip_unavailable': False, 'install_base': '/home/berenakpinar/Downloads/2026Rover_description/install/urdf_description', 'merge_install': False, 'path': '/home/berenakpinar/Downloads/2026Rover_description', 'symlink_install': False, 'test_result_base': None}
[1.376s] INFO:colcon.colcon_core.executor:Executing jobs using 'parallel' executor
[1.377s] DEBUG:colcon.colcon_parallel_executor.executor.parallel:run_until_complete
[1.378s] INFO:colcon.colcon_ros.task.ament_cmake.build:Building ROS package in '/home/berenakpinar/Downloads/2026Rover_description' with build type 'ament_cmake'
[1.378s] INFO:colcon.colcon_cmake.task.cmake.build:Building CMake package in '/home/berenakpinar/Downloads/2026Rover_description'
[1.406s] INFO:colcon.colcon_core.plugin_system:Skipping extension 'colcon_core.shell.bat': Not used on non-Windows systems
[1.406s] INFO:colcon.colcon_core.shell:Skip shell extension 'powershell' for command environment: Not usable outside of PowerShell
[1.406s] DEBUG:colcon.colcon_core.shell:Skip shell extension 'dsv' for command environment
[1.422s] DEBUG:colcon.colcon_core.event_handler.log_command:Invoking command in '/home/berenakpinar/Downloads/2026Rover_description/build/urdf_description': CMAKE_PREFIX_PATH=${CMAKE_PREFIX_PATH}:/opt/ros/humble /usr/bin/cmake --build /home/berenakpinar/Downloads/2026Rover_description/build/urdf_description -- -j8 -l8
[1.576s] DEBUG:colcon.colcon_core.event_handler.log_command:Invoked command in '/home/berenakpinar/Downloads/2026Rover_description/build/urdf_description' returned '0': CMAKE_PREFIX_PATH=${CMAKE_PREFIX_PATH}:/opt/ros/humble /usr/bin/cmake --build /home/berenakpinar/Downloads/2026Rover_description/build/urdf_description -- -j8 -l8
[1.582s] DEBUG:colcon.colcon_core.event_handler.log_command:Invoking command in '/home/berenakpinar/Downloads/2026Rover_description/build/urdf_description': CMAKE_PREFIX_PATH=${CMAKE_PREFIX_PATH}:/opt/ros/humble /usr/bin/cmake --install /home/berenakpinar/Downloads/2026Rover_description/build/urdf_description
[1.605s] Level 1:colcon.colcon_core.environment:create_environment_scripts_only(urdf_description)
[1.606s] DEBUG:colcon.colcon_core.event_handler.log_command:Invoked command in '/home/berenakpinar/Downloads/2026Rover_description/build/urdf_description' returned '0': CMAKE_PREFIX_PATH=${CMAKE_PREFIX_PATH}:/opt/ros/humble /usr/bin/cmake --install /home/berenakpinar/Downloads/2026Rover_description/build/urdf_description
[1.613s] Level 1:colcon.colcon_core.environment:checking '/home/berenakpinar/Downloads/2026Rover_description/install/urdf_description' for CMake module files
[1.613s] Level 1:colcon.colcon_core.environment:checking '/home/berenakpinar/Downloads/2026Rover_description/install/urdf_description' for CMake config files
[1.613s] Level 1:colcon.colcon_core.shell:create_environment_hook('urdf_description', 'cmake_prefix_path')
[1.613s] INFO:colcon.colcon_core.shell:Creating environment hook '/home/berenakpinar/Downloads/2026Rover_description/install/urdf_description/share/urdf_description/hook/cmake_prefix_path.ps1'
[1.614s] INFO:colcon.colcon_core.shell:Creating environment descriptor '/home/berenakpinar/Downloads/2026Rover_description/install/urdf_description/share/urdf_description/hook/cmake_prefix_path.dsv'
[1.616s] INFO:colcon.colcon_core.shell:Creating environment hook '/home/berenakpinar/Downloads/2026Rover_description/install/urdf_description/share/urdf_description/hook/cmake_prefix_path.sh'
[1.617s] Level 1:colcon.colcon_core.environment:checking '/home/berenakpinar/Downloads/2026Rover_description/install/urdf_description/bin'
[1.617s] Level 1:colcon.colcon_core.environment:checking '/home/berenakpinar/Downloads/2026Rover_description/install/urdf_description/lib/pkgconfig/urdf_description.pc'
[1.617s] Level 1:colcon.colcon_core.environment:checking '/home/berenakpinar/Downloads/2026Rover_description/install/urdf_description/lib/python3.10/site-packages'
[1.617s] Level 1:colcon.colcon_core.environment:checking '/home/berenakpinar/Downloads/2026Rover_description/install/urdf_description/bin'
[1.617s] INFO:colcon.colcon_core.shell:Creating package script '/home/berenakpinar/Downloads/2026Rover_description/install/urdf_description/share/urdf_description/package.ps1'
[1.619s] INFO:colcon.colcon_core.shell:Creating package descriptor '/home/berenakpinar/Downloads/2026Rover_description/install/urdf_description/share/urdf_description/package.dsv'
[1.620s] INFO:colcon.colcon_core.shell:Creating package script '/home/berenakpinar/Downloads/2026Rover_description/install/urdf_description/share/urdf_description/package.sh'
[1.621s] INFO:colcon.colcon_core.shell:Creating package script '/home/berenakpinar/Downloads/2026Rover_description/install/urdf_description/share/urdf_description/package.bash'
[1.624s] INFO:colcon.colcon_core.shell:Creating package script '/home/berenakpinar/Downloads/2026Rover_description/install/urdf_description/share/urdf_description/package.zsh'
[1.636s] Level 1:colcon.colcon_core.environment:create_file_with_runtime_dependencies(/home/berenakpinar/Downloads/2026Rover_description/install/urdf_description/share/colcon-core/packages/urdf_description)
[1.637s] Level 1:colcon.colcon_core.environment:create_environment_scripts_only(urdf_description)
[1.637s] Level 1:colcon.colcon_core.environment:checking '/home/berenakpinar/Downloads/2026Rover_description/install/urdf_description' for CMake module files
[1.637s] Level 1:colcon.colcon_core.environment:checking '/home/berenakpinar/Downloads/2026Rover_description/install/urdf_description' for CMake config files
[1.637s] Level 1:colcon.colcon_core.shell:create_environment_hook('urdf_description', 'cmake_prefix_path')
[1.637s] INFO:colcon.colcon_core.shell:Creating environment hook '/home/berenakpinar/Downloads/2026Rover_description/install/urdf_description/share/urdf_description/hook/cmake_prefix_path.ps1'
[1.638s] INFO:colcon.colcon_core.shell:Creating environment descriptor '/home/berenakpinar/Downloads/2026Rover_description/install/urdf_description/share/urdf_description/hook/cmake_prefix_path.dsv'
[1.639s] INFO:colcon.colcon_core.shell:Creating environment hook '/home/berenakpinar/Downloads/2026Rover_description/install/urdf_description/share/urdf_description/hook/cmake_prefix_path.sh'
[1.640s] Level 1:colcon.colcon_core.environment:checking '/home/berenakpinar/Downloads/2026Rover_description/install/urdf_description/bin'
[1.640s] Level 1:colcon.colcon_core.environment:checking '/home/berenakpinar/Downloads/2026Rover_description/install/urdf_description/lib/pkgconfig/urdf_description.pc'
[1.640s] Level 1:colcon.colcon_core.environment:checking '/home/berenakpinar/Downloads/2026Rover_description/install/urdf_description/lib/python3.10/site-packages'
[1.640s] Level 1:colcon.colcon_core.environment:checking '/home/berenakpinar/Downloads/2026Rover_description/install/urdf_description/bin'
[1.640s] INFO:colcon.colcon_core.shell:Creating package script '/home/berenakpinar/Downloads/2026Rover_description/install/urdf_description/share/urdf_description/package.ps1'
[1.641s] INFO:colcon.colcon_core.shell:Creating package descriptor '/home/berenakpinar/Downloads/2026Rover_description/install/urdf_description/share/urdf_description/package.dsv'
[1.641s] INFO:colcon.colcon_core.shell:Creating package script '/home/berenakpinar/Downloads/2026Rover_description/install/urdf_description/share/urdf_description/package.sh'
[1.642s] INFO:colcon.colcon_core.shell:Creating package script '/home/berenakpinar/Downloads/2026Rover_description/install/urdf_description/share/urdf_description/package.bash'
[1.643s] INFO:colcon.colcon_core.shell:Creating package script '/home/berenakpinar/Downloads/2026Rover_description/install/urdf_description/share/urdf_description/package.zsh'
[1.644s] Level 1:colcon.colcon_core.environment:create_file_with_runtime_dependencies(/home/berenakpinar/Downloads/2026Rover_description/install/urdf_description/share/colcon-core/packages/urdf_description)
[1.644s] DEBUG:colcon.colcon_parallel_executor.executor.parallel:closing loop
[1.645s] DEBUG:colcon.colcon_parallel_executor.executor.parallel:loop closed
[1.645s] DEBUG:colcon.colcon_parallel_executor.executor.parallel:run_until_complete finished with '0'
[1.645s] DEBUG:colcon.colcon_core.event_reactor:joining thread
[1.657s] INFO:colcon.colcon_core.plugin_system:Skipping extension 'colcon_notification.desktop_notification.terminal_notifier': Not used on non-Darwin systems
[1.657s] INFO:colcon.colcon_core.plugin_system:Skipping extension 'colcon_notification.desktop_notification.win32': Not used on non-Windows systems
[1.657s] INFO:colcon.colcon_notification.desktop_notification:Sending desktop notification using 'notify2'
[1.828s] DEBUG:colcon.colcon_core.event_reactor:joined thread
[1.828s] INFO:colcon.colcon_core.shell:Creating prefix script '/home/berenakpinar/Downloads/2026Rover_description/install/local_setup.ps1'
[1.829s] INFO:colcon.colcon_core.shell:Creating prefix util module '/home/berenakpinar/Downloads/2026Rover_description/install/_local_setup_util_ps1.py'
[1.830s] INFO:colcon.colcon_core.shell:Creating prefix chain script '/home/berenakpinar/Downloads/2026Rover_description/install/setup.ps1'
[1.832s] INFO:colcon.colcon_core.shell:Creating prefix script '/home/berenakpinar/Downloads/2026Rover_description/install/local_setup.sh'
[1.833s] INFO:colcon.colcon_core.shell:Creating prefix util module '/home/berenakpinar/Downloads/2026Rover_description/install/_local_setup_util_sh.py'
[1.833s] INFO:colcon.colcon_core.shell:Creating prefix chain script '/home/berenakpinar/Downloads/2026Rover_description/install/setup.sh'
[1.835s] INFO:colcon.colcon_core.shell:Creating prefix script '/home/berenakpinar/Downloads/2026Rover_description/install/local_setup.bash'
[1.835s] INFO:colcon.colcon_core.shell:Creating prefix chain script '/home/berenakpinar/Downloads/2026Rover_description/install/setup.bash'
[1.836s] INFO:colcon.colcon_core.shell:Creating prefix script '/home/berenakpinar/Downloads/2026Rover_description/install/local_setup.zsh'
[1.837s] INFO:colcon.colcon_core.shell:Creating prefix chain script '/home/berenakpinar/Downloads/2026Rover_description/install/setup.zsh'
