[0.411s] DEBUG:colcon:Command line arguments: ['/usr/bin/colcon', 'build']
[0.411s] DEBUG:colcon:Parsed command line arguments: Namespace(log_base=None, log_level=None, verb_name='build', build_base='build', install_base='install', merge_install=False, symlink_install=False, test_result_base=None, continue_on_error=False, executor='parallel', parallel_workers=8, event_handlers=None, ignore_user_meta=False, metas=['./colcon.meta'], base_paths=['.'], packages_ignore=None, packages_ignore_regex=None, paths=None, packages_up_to=None, packages_up_to_regex=None, packages_above=None, packages_above_and_dependencies=None, packages_above_depth=None, packages_select_by_dep=None, packages_skip_by_dep=None, packages_skip_up_to=None, packages_select_build_failed=False, packages_skip_build_finished=False, packages_select_test_failures=False, packages_skip_test_passed=False, packages_select=None, packages_skip=None, packages_select_regex=None, packages_skip_regex=None, packages_start=None, packages_end=None, allow_overriding=[], cmake_args=None, cmake_target=None, cmake_target_skip_unavailable=False, cmake_clean_cache=False, cmake_clean_first=False, cmake_force_configure=False, ament_cmake_args=None, catkin_cmake_args=None, catkin_skip_building_tests=False, mixin_files=None, mixin=None, verb_parser=<colcon_mixin.mixin.mixin_argument.MixinArgumentDecorator object at 0xffff87537040>, verb_extension=<colcon_core.verb.build.BuildVerb object at 0xffff875368c0>, main=<bound method BuildVerb.main of <colcon_core.verb.build.BuildVerb object at 0xffff875368c0>>, mixin_verb=('build',))
[0.806s] Level 1:colcon.colcon_core.package_discovery:discover_packages(colcon_meta) check parameters
[0.806s] Level 1:colcon.colcon_core.package_discovery:discover_packages(recursive) check parameters
[0.806s] Level 1:colcon.colcon_core.package_discovery:discover_packages(ignore) check parameters
[0.806s] Level 1:colcon.colcon_core.package_discovery:discover_packages(path) check parameters
[0.806s] Level 1:colcon.colcon_core.package_discovery:discover_packages(colcon_meta) discover
[0.807s] Level 1:colcon.colcon_core.package_discovery:discover_packages(recursive) discover
[0.807s] INFO:colcon.colcon_core.package_discovery:Crawling recursively for packages in '/home/berenakpinar/Downloads/2026Rover_description'
[0.807s] Level 1:colcon.colcon_core.package_identification:_identify(.) by extensions ['ignore', 'ignore_ament_install']
[0.807s] Level 1:colcon.colcon_core.package_identification:_identify(.) by extension 'ignore'
[0.807s] Level 1:colcon.colcon_core.package_identification:_identify(.) by extension 'ignore_ament_install'
[0.807s] Level 1:colcon.colcon_core.package_identification:_identify(.) by extensions ['colcon_pkg']
[0.807s] Level 1:colcon.colcon_core.package_identification:_identify(.) by extension 'colcon_pkg'
[0.807s] Level 1:colcon.colcon_core.package_identification:_identify(.) by extensions ['colcon_meta']
[0.807s] Level 1:colcon.colcon_core.package_identification:_identify(.) by extension 'colcon_meta'
[0.807s] Level 1:colcon.colcon_core.package_identification:_identify(.) by extensions ['ros']
[0.807s] Level 1:colcon.colcon_core.package_identification:_identify(.) by extension 'ros'
[0.829s] DEBUG:colcon.colcon_core.package_identification:Package '.' with type 'ros.ament_cmake' and name 'urdf_description'
[0.829s] Level 1:colcon.colcon_core.package_discovery:discover_packages(recursive) using defaults
[0.830s] Level 1:colcon.colcon_core.package_discovery:discover_packages(ignore) discover
[0.830s] Level 1:colcon.colcon_core.package_discovery:discover_packages(ignore) using defaults
[0.830s] Level 1:colcon.colcon_core.package_discovery:discover_packages(path) discover
[0.830s] Level 1:colcon.colcon_core.package_discovery:discover_packages(path) using defaults
[0.877s] Level 1:colcon.colcon_core.package_discovery:discover_packages(prefix_path) check parameters
[0.877s] Level 1:colcon.colcon_core.package_discovery:discover_packages(prefix_path) discover
[0.879s] DEBUG:colcon.colcon_installed_package_information.package_discovery:Found 1 installed packages in /home/berenakpinar/Downloads/2026Rover_description/install
[0.882s] DEBUG:colcon.colcon_installed_package_information.package_discovery:Found 472 installed packages in /opt/ros/humble
[0.883s] Level 1:colcon.colcon_core.package_discovery:discover_packages(prefix_path) using defaults
[1.106s] Level 5:colcon.colcon_core.verb:set package 'urdf_description' build argument 'cmake_args' from command line to 'None'
[1.106s] Level 5:colcon.colcon_core.verb:set package 'urdf_description' build argument 'cmake_target' from command line to 'None'
[1.106s] Level 5:colcon.colcon_core.verb:set package 'urdf_description' build argument 'cmake_target_skip_unavailable' from command line to 'False'
[1.106s] Level 5:colcon.colcon_core.verb:set package 'urdf_description' build argument 'cmake_clean_cache' from command line to 'False'
[1.106s] Level 5:colcon.colcon_core.verb:set package 'urdf_description' build argument 'cmake_clean_first' from command line to 'False'
[1.106s] Level 5:colcon.colcon_core.verb:set package 'urdf_description' build argument 'cmake_force_configure' from command line to 'False'
[1.106s] Level 5:colcon.colcon_core.verb:set package 'urdf_description' build argument 'ament_cmake_args' from command line to 'None'
[1.106s] Level 5:colcon.colcon_core.verb:set package 'urdf_description' build argument 'catkin_cmake_args' from command line to 'None'
[1.106s] Level 5:colcon.colcon_core.verb:set package 'urdf_description' build argument 'catkin_skip_building_tests' from command line to 'False'
[1.106s] DEBUG:colcon.colcon_core.verb:Building package 'urdf_description' with the following arguments: {'ament_cmake_args': None, 'build_base': '/home/berenakpinar/Downloads/2026Rover_description/build/urdf_description', 'catkin_cmake_args': None, 'catkin_skip_building_tests': False, 'cmake_args': None, 'cmake_clean_cache': False, 'cmake_clean_first': False, 'cmake_force_configure': False, 'cmake_target': None, 'cmake_target_skip_unavailable': False, 'install_base': '/home/berenakpinar/Downloads/2026Rover_description/install/urdf_description', 'merge_install': False, 'path': '/home/berenakpinar/Downloads/2026Rover_description', 'symlink_install': False, 'test_result_base': None}
[1.106s] INFO:colcon.colcon_core.executor:Executing jobs using 'parallel' executor
[1.108s] DEBUG:colcon.colcon_parallel_executor.executor.parallel:run_until_complete
[1.109s] INFO:colcon.colcon_ros.task.ament_cmake.build:Building ROS package in '/home/berenakpinar/Downloads/2026Rover_description' with build type 'ament_cmake'
[1.109s] INFO:colcon.colcon_cmake.task.cmake.build:Building CMake package in '/home/berenakpinar/Downloads/2026Rover_description'
[1.117s] INFO:colcon.colcon_core.plugin_system:Skipping extension 'colcon_core.shell.bat': Not used on non-Windows systems
[1.117s] INFO:colcon.colcon_core.shell:Skip shell extension 'powershell' for command environment: Not usable outside of PowerShell
[1.117s] DEBUG:colcon.colcon_core.shell:Skip shell extension 'dsv' for command environment
[1.125s] DEBUG:colcon.colcon_core.event_handler.log_command:Invoking command in '/home/berenakpinar/Downloads/2026Rover_description/build/urdf_description': CMAKE_PREFIX_PATH=${CMAKE_PREFIX_PATH}:/opt/ros/humble /usr/bin/cmake --build /home/berenakpinar/Downloads/2026Rover_description/build/urdf_description -- -j8 -l8
[1.230s] DEBUG:colcon.colcon_core.event_handler.log_command:Invoked command in '/home/berenakpinar/Downloads/2026Rover_description/build/urdf_description' returned '0': CMAKE_PREFIX_PATH=${CMAKE_PREFIX_PATH}:/opt/ros/humble /usr/bin/cmake --build /home/berenakpinar/Downloads/2026Rover_description/build/urdf_description -- -j8 -l8
[1.237s] DEBUG:colcon.colcon_core.event_handler.log_command:Invoking command in '/home/berenakpinar/Downloads/2026Rover_description/build/urdf_description': CMAKE_PREFIX_PATH=${CMAKE_PREFIX_PATH}:/opt/ros/humble /usr/bin/cmake --install /home/berenakpinar/Downloads/2026Rover_description/build/urdf_description
[1.248s] Level 1:colcon.colcon_core.environment:create_environment_scripts_only(urdf_description)
[1.249s] DEBUG:colcon.colcon_core.event_handler.log_command:Invoked command in '/home/berenakpinar/Downloads/2026Rover_description/build/urdf_description' returned '0': CMAKE_PREFIX_PATH=${CMAKE_PREFIX_PATH}:/opt/ros/humble /usr/bin/cmake --install /home/berenakpinar/Downloads/2026Rover_description/build/urdf_description
[1.263s] Level 1:colcon.colcon_core.environment:checking '/home/berenakpinar/Downloads/2026Rover_description/install/urdf_description' for CMake module files
[1.263s] Level 1:colcon.colcon_core.environment:checking '/home/berenakpinar/Downloads/2026Rover_description/install/urdf_description' for CMake config files
[1.264s] Level 1:colcon.colcon_core.shell:create_environment_hook('urdf_description', 'cmake_prefix_path')
[1.264s] INFO:colcon.colcon_core.shell:Creating environment hook '/home/berenakpinar/Downloads/2026Rover_description/install/urdf_description/share/urdf_description/hook/cmake_prefix_path.ps1'
[1.265s] INFO:colcon.colcon_core.shell:Creating environment descriptor '/home/berenakpinar/Downloads/2026Rover_description/install/urdf_description/share/urdf_description/hook/cmake_prefix_path.dsv'
[1.265s] INFO:colcon.colcon_core.shell:Creating environment hook '/home/berenakpinar/Downloads/2026Rover_description/install/urdf_description/share/urdf_description/hook/cmake_prefix_path.sh'
[1.267s] Level 1:colcon.colcon_core.environment:checking '/home/berenakpinar/Downloads/2026Rover_description/install/urdf_description/bin'
[1.267s] Level 1:colcon.colcon_core.environment:checking '/home/berenakpinar/Downloads/2026Rover_description/install/urdf_description/lib/pkgconfig/urdf_description.pc'
[1.267s] Level 1:colcon.colcon_core.environment:checking '/home/berenakpinar/Downloads/2026Rover_description/install/urdf_description/lib/python3.10/site-packages'
[1.267s] Level 1:colcon.colcon_core.environment:checking '/home/berenakpinar/Downloads/2026Rover_description/install/urdf_description/bin'
[1.268s] INFO:colcon.colcon_core.shell:Creating package script '/home/berenakpinar/Downloads/2026Rover_description/install/urdf_description/share/urdf_description/package.ps1'
[1.268s] INFO:colcon.colcon_core.shell:Creating package descriptor '/home/berenakpinar/Downloads/2026Rover_description/install/urdf_description/share/urdf_description/package.dsv'
[1.270s] INFO:colcon.colcon_core.shell:Creating package script '/home/berenakpinar/Downloads/2026Rover_description/install/urdf_description/share/urdf_description/package.sh'
[1.270s] INFO:colcon.colcon_core.shell:Creating package script '/home/berenakpinar/Downloads/2026Rover_description/install/urdf_description/share/urdf_description/package.bash'
[1.271s] INFO:colcon.colcon_core.shell:Creating package script '/home/berenakpinar/Downloads/2026Rover_description/install/urdf_description/share/urdf_description/package.zsh'
[1.273s] Level 1:colcon.colcon_core.environment:create_file_with_runtime_dependencies(/home/berenakpinar/Downloads/2026Rover_description/install/urdf_description/share/colcon-core/packages/urdf_description)
[1.274s] Level 1:colcon.colcon_core.environment:create_environment_scripts_only(urdf_description)
[1.274s] Level 1:colcon.colcon_core.environment:checking '/home/berenakpinar/Downloads/2026Rover_description/install/urdf_description' for CMake module files
[1.274s] Level 1:colcon.colcon_core.environment:checking '/home/berenakpinar/Downloads/2026Rover_description/install/urdf_description' for CMake config files
[1.275s] Level 1:colcon.colcon_core.shell:create_environment_hook('urdf_description', 'cmake_prefix_path')
[1.275s] INFO:colcon.colcon_core.shell:Creating environment hook '/home/berenakpinar/Downloads/2026Rover_description/install/urdf_description/share/urdf_description/hook/cmake_prefix_path.ps1'
[1.275s] INFO:colcon.colcon_core.shell:Creating environment descriptor '/home/berenakpinar/Downloads/2026Rover_description/install/urdf_description/share/urdf_description/hook/cmake_prefix_path.dsv'
[1.275s] INFO:colcon.colcon_core.shell:Creating environment hook '/home/berenakpinar/Downloads/2026Rover_description/install/urdf_description/share/urdf_description/hook/cmake_prefix_path.sh'
[1.276s] Level 1:colcon.colcon_core.environment:checking '/home/berenakpinar/Downloads/2026Rover_description/install/urdf_description/bin'
[1.276s] Level 1:colcon.colcon_core.environment:checking '/home/berenakpinar/Downloads/2026Rover_description/install/urdf_description/lib/pkgconfig/urdf_description.pc'
[1.276s] Level 1:colcon.colcon_core.environment:checking '/home/berenakpinar/Downloads/2026Rover_description/install/urdf_description/lib/python3.10/site-packages'
[1.276s] Level 1:colcon.colcon_core.environment:checking '/home/berenakpinar/Downloads/2026Rover_description/install/urdf_description/bin'
[1.276s] INFO:colcon.colcon_core.shell:Creating package script '/home/berenakpinar/Downloads/2026Rover_description/install/urdf_description/share/urdf_description/package.ps1'
[1.277s] INFO:colcon.colcon_core.shell:Creating package descriptor '/home/berenakpinar/Downloads/2026Rover_description/install/urdf_description/share/urdf_description/package.dsv'
[1.277s] INFO:colcon.colcon_core.shell:Creating package script '/home/berenakpinar/Downloads/2026Rover_description/install/urdf_description/share/urdf_description/package.sh'
[1.277s] INFO:colcon.colcon_core.shell:Creating package script '/home/berenakpinar/Downloads/2026Rover_description/install/urdf_description/share/urdf_description/package.bash'
[1.278s] INFO:colcon.colcon_core.shell:Creating package script '/home/berenakpinar/Downloads/2026Rover_description/install/urdf_description/share/urdf_description/package.zsh'
[1.278s] Level 1:colcon.colcon_core.environment:create_file_with_runtime_dependencies(/home/berenakpinar/Downloads/2026Rover_description/install/urdf_description/share/colcon-core/packages/urdf_description)
[1.279s] DEBUG:colcon.colcon_parallel_executor.executor.parallel:closing loop
[1.279s] DEBUG:colcon.colcon_parallel_executor.executor.parallel:loop closed
[1.279s] DEBUG:colcon.colcon_parallel_executor.executor.parallel:run_until_complete finished with '0'
[1.279s] DEBUG:colcon.colcon_core.event_reactor:joining thread
[1.293s] INFO:colcon.colcon_core.plugin_system:Skipping extension 'colcon_notification.desktop_notification.terminal_notifier': Not used on non-Darwin systems
[1.293s] INFO:colcon.colcon_core.plugin_system:Skipping extension 'colcon_notification.desktop_notification.win32': Not used on non-Windows systems
[1.293s] INFO:colcon.colcon_notification.desktop_notification:Sending desktop notification using 'notify2'
[1.318s] DEBUG:colcon.colcon_core.event_reactor:joined thread
[1.319s] INFO:colcon.colcon_core.shell:Creating prefix script '/home/berenakpinar/Downloads/2026Rover_description/install/local_setup.ps1'
[1.320s] INFO:colcon.colcon_core.shell:Creating prefix util module '/home/berenakpinar/Downloads/2026Rover_description/install/_local_setup_util_ps1.py'
[1.322s] INFO:colcon.colcon_core.shell:Creating prefix chain script '/home/berenakpinar/Downloads/2026Rover_description/install/setup.ps1'
[1.323s] INFO:colcon.colcon_core.shell:Creating prefix script '/home/berenakpinar/Downloads/2026Rover_description/install/local_setup.sh'
[1.323s] INFO:colcon.colcon_core.shell:Creating prefix util module '/home/berenakpinar/Downloads/2026Rover_description/install/_local_setup_util_sh.py'
[1.324s] INFO:colcon.colcon_core.shell:Creating prefix chain script '/home/berenakpinar/Downloads/2026Rover_description/install/setup.sh'
[1.325s] INFO:colcon.colcon_core.shell:Creating prefix script '/home/berenakpinar/Downloads/2026Rover_description/install/local_setup.bash'
[1.326s] INFO:colcon.colcon_core.shell:Creating prefix chain script '/home/berenakpinar/Downloads/2026Rover_description/install/setup.bash'
[1.327s] INFO:colcon.colcon_core.shell:Creating prefix script '/home/berenakpinar/Downloads/2026Rover_description/install/local_setup.zsh'
[1.329s] INFO:colcon.colcon_core.shell:Creating prefix chain script '/home/berenakpinar/Downloads/2026Rover_description/install/setup.zsh'
