-- Install configuration: ""
-- Up-to-date: /home/berenakpinar/Downloads/2026Rover_description/install/urdf_description/share/urdf_description/launch
-- Up-to-date: /home/berenakpinar/Downloads/2026Rover_description/install/urdf_description/share/urdf_description/launch/display.launch
-- Up-to-date: /home/berenakpinar/Downloads/2026Rover_description/install/urdf_description/share/urdf_description/launch/gazebo.launch.py
-- Up-to-date: /home/berenakpinar/Downloads/2026Rover_description/install/urdf_description/share/urdf_description/launch/controller.yaml
-- Up-to-date: /home/berenakpinar/Downloads/2026Rover_description/install/urdf_description/share/urdf_description/launch/gazebo.launch
-- Up-to-date: /home/berenakpinar/Downloads/2026Rover_description/install/urdf_description/share/urdf_description/launch/display.launch.py
-- Up-to-date: /home/berenakpinar/Downloads/2026Rover_description/install/urdf_description/share/urdf_description/launch/controller.launch
-- Up-to-date: /home/berenakpinar/Downloads/2026Rover_description/install/urdf_description/share/urdf_description/config
-- Up-to-date: /home/berenakpinar/Downloads/2026Rover_description/install/urdf_description/share/urdf_description/config/rover_controllers.yaml
-- Up-to-date: /home/berenakpinar/Downloads/2026Rover_description/install/urdf_description/share/urdf_description/urdf
-- Up-to-date: /home/berenakpinar/Downloads/2026Rover_description/install/urdf_description/share/urdf_description/urdf/materials.xacro
-- Installing: /home/berenakpinar/Downloads/2026Rover_description/install/urdf_description/share/urdf_description/urdf/URDF.xacro
-- Up-to-date: /home/berenakpinar/Downloads/2026Rover_description/install/urdf_description/share/urdf_description/urdf/URDF.trans
-- Up-to-date: /home/berenakpinar/Downloads/2026Rover_description/install/urdf_description/share/urdf_description/urdf/URDF.sdf
-- Up-to-date: /home/berenakpinar/Downloads/2026Rover_description/install/urdf_description/share/urdf_description/urdf/URDF.gazebo
-- Up-to-date: /home/berenakpinar/Downloads/2026Rover_description/install/urdf_description/share/urdf_description/meshes
-- Up-to-date: /home/berenakpinar/Downloads/2026Rover_description/install/urdf_description/share/urdf_description/meshes/Bar2_1.stl
-- Up-to-date: /home/berenakpinar/Downloads/2026Rover_description/install/urdf_description/share/urdf_description/meshes/Wheel2_1.stl
-- Up-to-date: /home/berenakpinar/Downloads/2026Rover_description/install/urdf_description/share/urdf_description/meshes/Bogie3_1.stl
-- Up-to-date: /home/berenakpinar/Downloads/2026Rover_description/install/urdf_description/share/urdf_description/meshes/Wheel1_1.stl
-- Up-to-date: /home/berenakpinar/Downloads/2026Rover_description/install/urdf_description/share/urdf_description/meshes/Bogie2_1.stl
-- Up-to-date: /home/berenakpinar/Downloads/2026Rover_description/install/urdf_description/share/urdf_description/meshes/Bar1_1.stl
-- Up-to-date: /home/berenakpinar/Downloads/2026Rover_description/install/urdf_description/share/urdf_description/meshes/Wheel4_1.stl
-- Up-to-date: /home/berenakpinar/Downloads/2026Rover_description/install/urdf_description/share/urdf_description/meshes/Wheel5_1.stl
-- Up-to-date: /home/berenakpinar/Downloads/2026Rover_description/install/urdf_description/share/urdf_description/meshes/Diff1_1.stl
-- Up-to-date: /home/berenakpinar/Downloads/2026Rover_description/install/urdf_description/share/urdf_description/meshes/Wheel6_1.stl
-- Up-to-date: /home/berenakpinar/Downloads/2026Rover_description/install/urdf_description/share/urdf_description/meshes/base_link.stl
-- Up-to-date: /home/berenakpinar/Downloads/2026Rover_description/install/urdf_description/share/urdf_description/meshes/Wheel3_1.stl
-- Up-to-date: /home/berenakpinar/Downloads/2026Rover_description/install/urdf_description/share/urdf_description/meshes/Bogie1_1.stl
-- Up-to-date: /home/berenakpinar/Downloads/2026Rover_description/install/urdf_description/share/urdf_description/meshes/Bogie4_1.stl
-- Up-to-date: /home/berenakpinar/Downloads/2026Rover_description/install/urdf_description/share/urdf_description/rviz
-- Up-to-date: /home/berenakpinar/Downloads/2026Rover_description/install/urdf_description/share/urdf_description/rviz/urdf.rviz
-- Up-to-date: /home/berenakpinar/Downloads/2026Rover_description/install/urdf_description/share/ament_index/resource_index/package_run_dependencies/urdf_description
-- Up-to-date: /home/berenakpinar/Downloads/2026Rover_description/install/urdf_description/share/ament_index/resource_index/parent_prefix_path/urdf_description
-- Up-to-date: /home/berenakpinar/Downloads/2026Rover_description/install/urdf_description/share/urdf_description/environment/ament_prefix_path.sh
-- Up-to-date: /home/berenakpinar/Downloads/2026Rover_description/install/urdf_description/share/urdf_description/environment/ament_prefix_path.dsv
-- Up-to-date: /home/berenakpinar/Downloads/2026Rover_description/install/urdf_description/share/urdf_description/environment/path.sh
-- Up-to-date: /home/berenakpinar/Downloads/2026Rover_description/install/urdf_description/share/urdf_description/environment/path.dsv
-- Up-to-date: /home/berenakpinar/Downloads/2026Rover_description/install/urdf_description/share/urdf_description/local_setup.bash
-- Up-to-date: /home/berenakpinar/Downloads/2026Rover_description/install/urdf_description/share/urdf_description/local_setup.sh
-- Up-to-date: /home/berenakpinar/Downloads/2026Rover_description/install/urdf_description/share/urdf_description/local_setup.zsh
-- Up-to-date: /home/berenakpinar/Downloads/2026Rover_description/install/urdf_description/share/urdf_description/local_setup.dsv
-- Installing: /home/berenakpinar/Downloads/2026Rover_description/install/urdf_description/share/urdf_description/package.dsv
-- Up-to-date: /home/berenakpinar/Downloads/2026Rover_description/install/urdf_description/share/ament_index/resource_index/packages/urdf_description
-- Up-to-date: /home/berenakpinar/Downloads/2026Rover_description/install/urdf_description/share/urdf_description/cmake/urdf_descriptionConfig.cmake
-- Up-to-date: /home/berenakpinar/Downloads/2026Rover_description/install/urdf_description/share/urdf_description/cmake/urdf_descriptionConfig-version.cmake
-- Up-to-date: /home/berenakpinar/Downloads/2026Rover_description/install/urdf_description/share/urdf_description/package.xml
